app/proguard-rules.pro
# Room
-keep class * extends androidx.room.RoomDatabase
-keep @androidx.room.Entity class *
-dontwarn androidx.room.paging.**

# Coroutines
-keepnames class kotlinx.coroutines.internal.MainDispatcherFactory {}
-keepnames class kotlinx.coroutines.CoroutineExceptionHandler {}

# Strip debug logging in release builds
-assumenosideeffects class android.util.Log {
    public static int v(...);
    public static int d(...);
    public static int i(...);
    public static int w(...);
}

# Google Play Billing
-keep class com.android.vending.billing.**
-keep class com.android.billingclient.** { *; }
-dontwarn com.android.billingclient.**