app/build/outputs/mapping/release/seeds.txt
com.factory.capturemasterpro.data.db.AppDatabase_Impl
com.factory.capturemasterpro.CaptureMasterApp
com.factory.capturemasterpro.data.db.AppDatabase
com.factory.capturemasterpro.service.ScreenRecordService
com.factory.capturemasterpro.data.db.Recording
com.factory.capturemasterpro.MainActivity
com.factory.capturemasterpro.viewmodel.Resolution: com.factory.capturemasterpro.viewmodel.Resolution valueOf(java.lang.String)
com.factory.capturemasterpro.MainActivity: MainActivity()
com.factory.capturemasterpro.viewmodel.SortOrder: com.factory.capturemasterpro.viewmodel.SortOrder valueOf(java.lang.String)
com.factory.capturemasterpro.billing.ConnectionState: com.factory.capturemasterpro.billing.ConnectionState[] values()
com.factory.capturemasterpro.data.db.AppDatabase: AppDatabase()
com.factory.capturemasterpro.billing.ConnectionState: com.factory.capturemasterpro.billing.ConnectionState valueOf(java.lang.String)
com.factory.capturemasterpro.CaptureMasterApp: CaptureMasterApp()
com.factory.capturemasterpro.service.ScreenRecordService: ScreenRecordService()
com.factory.capturemasterpro.viewmodel.RecordingState: com.factory.capturemasterpro.viewmodel.RecordingState[] values()
com.factory.capturemasterpro.viewmodel.RecordingState: com.factory.capturemasterpro.viewmodel.RecordingState valueOf(java.lang.String)
com.factory.capturemasterpro.viewmodel.SortOrder: com.factory.capturemasterpro.viewmodel.SortOrder[] values()
com.factory.capturemasterpro.viewmodel.Resolution: com.factory.capturemasterpro.viewmodel.Resolution[] values()
com.factory.capturemasterpro.data.db.AppDatabase_Impl: AppDatabase_Impl()
...
androidx.datastore.preferences.PreferencesProto$StringSet: int STRINGS_FIELD_NUMBER
com.android.billingclient.api.zzaa: android.os.Bundle zzb
androidx.datastore.preferences.PreferencesProto$Value: int STRING_SET_FIELD_NUMBER
com.android.billingclient.R$raw: int com_android_billingclient_heterodyne_info
com.android.billingclient.api.ProxyBillingActivity: java.lang.String TAG
com.android.billingclient.api.zzy: com.android.billingclient.api.BillingClientImpl zza
com.android.billingclient.api.PurchaseHistoryRecord: org.json.JSONObject zzc
com.google.android.gms.internal.play_billing.zzii: int zzg
com.android.billingclient.api.ProductDetails$PricingPhase: long zzb
com.android.billingclient.api.BillingFlowParams$SubscriptionUpdateParams: java.lang.String zzb
com.android.billingclient.api.zzce: java.util.List zza
com.google.android.gms.internal.play_billing.zzhy: int zzd
com.google.android.gms.common.internal.TelemetryData: android.os.Parcelable$Creator CREATOR
kotlinx.coroutines.channels.BufferedChannel: long completedExpandBuffersAndPauseFlag
kotlinx.coroutines.EventLoopImplBase: int _isCompleted
com.android.billingclient.api.zzba: long zza
com.android.billingclient.api.zzbk: com.android.billingclient.api.BillingResult zzB
androidx.lifecycle.Lifecycle$Event: androidx.lifecycle.Lifecycle$Event ON_PAUSE
com.google.android.gms.internal.play_billing.zzic: com.google.android.gms.internal.play_billing.zzic zzb
com.google.android.gms.internal.play_billing.zzio: com.google.android.gms.internal.play_billing.zzio zzb
com.google.android.gms.signin.internal.zag: android.os.Parcelable$Creator CREATOR
androidx.media3.extractor.metadata.id3.MlltFrame: android.os.Parcelable$Creator CREATOR
kotlinx.coroutines.android.AndroidExceptionPreHandler: java.lang.Object _preHandler
androidx.lifecycle.ProcessLifecycleOwner$attach$1$onActivityPreCreated$1: androidx.lifecycle.ProcessLifecycleOwner this$0
com.android.billingclient.api.zzay: android.os.ResultReceiver zzb
com.android.billingclient.api.SkuDetailsResult: com.android.billingclient.api.BillingResult zza
com.android.billingclient.api.BillingClientImpl: com.android.billingclient.api.zzh zzd
com.google.android.gms.common.internal.zat: android.os.Parcelable$Creator CREATOR
androidx.media3.common.DrmInitData$SchemeData: android.os.Parcelable$Creator CREATOR
com.android.billingclient.api.ProductDetails: java.lang.String zzi
kotlinx.coroutines.sync.SemaphoreImpl: int _availablePermits
androidx.media3.container.MdtaMetadataEntry: android.os.Parcelable$Creator CREATOR
com.android.billingclient.api.BillingFlowParams$SubscriptionUpdateParams$ReplacementMode: int DEFERRED
com.android.billingclient.api.zzah: com.android.billingclient.api.BillingClientImpl zzc
com.android.billingclient.api.InAppMessageParams$InAppMessageCategoryId: int UNKNOWN_IN_APP_MESSAGE_CATEGORY_ID
kotlinx.coroutines.EventLoopImplBase: java.lang.Object _queue
kotlinx.coroutines.internal.ConcurrentLinkedListNode: java.lang.Object _prev
kotlinx.coroutines.scheduling.WorkQueue: int blockingTasksInBuffer
kotlinx.coroutines.internal.LockFreeTaskQueue: java.lang.Object _cur
androidx.datastore.preferences.PreferencesProto$Value: int INTEGER_FIELD_NUMBER
com.android.billingclient.api.BillingFlowParams$Builder: java.lang.String zza
com.google.android.gms.internal.play_billing.zzic: int zzg
com.google.android.gms.internal.play_billing.zzii: java.lang.String zzh
com.android.billingclient.api.zzq: java.lang.String zzb
androidx.lifecycle.Lifecycle$Event: androidx.lifecycle.Lifecycle$Event ON_CREATE
com.android.billingclient.api.ProductDetails$OneTimePurchaseOfferDetails: com.google.android.gms.internal.play_billing.zzaf zzf
kotlinx.coroutines.flow.StateFlowImpl: java.lang.Object _state
com.android.billingclient.api.BillingClientImpl: boolean zzz
androidx.media3.common.Metadata: android.os.Parcelable$Creator CREATOR
kotlinx.coroutines.EventLoopImplBase: java.lang.Object _delayed